Feb 21, 2021 11:49:54 PM client.TCPClient main
INFO: Connecting to localhost:9091..
Feb 21, 2021 11:49:54 PM client.TCPClient main
INFO: Connected.
Feb 21, 2021 11:49:54 PM client.TCPClient createAccounts
INFO: Created account ids: 1 2 3 4 5 6 7 8 9 10 11 12 13 14 15 16 17 18 19 20 21 22 23 24 25 26 27 28 29 30 31 32 33 34 35 36 37 38 39 40 41 42 43 44 45 46 47 48 49 50 51 52 53 54 55 56 57 58 59 60 61 62 63 64 65 66 67 68 69 70 71 72 73 74 75 76 77 78 79 80 81 82 83 84 85 86 87 88 89 90 91 92 93 94 95 96 97 98 99 100 
Feb 21, 2021 11:49:54 PM client.TCPClient depositInAccount
INFO: Deposit successful for: 1 2 3 4 5 6 7 8 9 10 11 12 13 14 15 16 17 18 19 20 21 22 23 24 25 26 27 28 29 30 31 32 33 34 35 36 37 38 39 40 41 42 43 44 45 46 47 48 49 50 51 52 53 54 55 56 57 58 59 60 61 62 63 64 65 66 67 68 69 70 71 72 73 74 75 76 77 78 79 80 81 82 83 84 85 86 87 88 89 90 91 92 93 94 95 96 97 98 99 100 
Feb 21, 2021 11:49:54 PM client.TCPClient checkBalance
INFO: Checking balance:
Feb 21, 2021 11:49:54 PM client.TCPClient checkBalance
INFO: Total balance is: 10000
Feb 21, 2021 11:49:54 PM client.TCPClientThread run
INFO: Connected.
Feb 21, 2021 11:49:54 PM client.TCPClientThread run
INFO: Connected.
Feb 21, 2021 11:49:54 PM client.TCPClientThread run
INFO: Connected.
Feb 21, 2021 11:49:54 PM client.TCPClientThread run
INFO: Connected.
Feb 21, 2021 11:49:54 PM client.TCPClientThread run
INFO: Connected.
Feb 21, 2021 11:49:54 PM client.TCPClientThread run
INFO: Transfer of 10$ from id:7 to id:57 successful.
Feb 21, 2021 11:49:54 PM client.TCPClientThread run
INFO: Transfer of 10$ from id:23 to id:32 successful.
Feb 21, 2021 11:49:54 PM client.TCPClientThread run
INFO: Transfer of 10$ from id:21 to id:90 successful.
Feb 21, 2021 11:49:54 PM client.TCPClientThread run
INFO: Transfer of 10$ from id:71 to id:70 successful.
Feb 21, 2021 11:49:54 PM client.TCPClientThread run
INFO: Transfer of 10$ from id:10 to id:8 successful.
Feb 21, 2021 11:49:54 PM client.TCPClientThread run
INFO: Transfer of 10$ from id:96 to id:22 successful.
Feb 21, 2021 11:49:54 PM client.TCPClientThread run
INFO: Transfer of 10$ from id:93 to id:54 successful.
Feb 21, 2021 11:49:54 PM client.TCPClientThread run
INFO: Transfer of 10$ from id:97 to id:36 successful.
Feb 21, 2021 11:49:54 PM client.TCPClientThread run
INFO: Transfer of 10$ from id:29 to id:8 successful.
Feb 21, 2021 11:49:54 PM client.TCPClientThread run
INFO: Transfer of 10$ from id:55 to id:12 successful.
Feb 21, 2021 11:49:54 PM client.TCPClientThread run
INFO: Transfer of 10$ from id:26 to id:11 successful.
Feb 21, 2021 11:49:54 PM client.TCPClientThread run
INFO: Transfer of 10$ from id:72 to id:73 successful.
Feb 21, 2021 11:49:54 PM client.TCPClientThread run
INFO: Transfer of 10$ from id:98 to id:38 successful.
Feb 21, 2021 11:49:54 PM client.TCPClientThread run
INFO: Transfer of 10$ from id:60 to id:59 successful.
Feb 21, 2021 11:49:54 PM client.TCPClientThread run
INFO: Transfer of 10$ from id:72 to id:100 successful.
Feb 21, 2021 11:49:55 PM client.TCPClient checkBalance
INFO: Checking balance:
Feb 21, 2021 11:49:55 PM client.TCPClient checkBalance
INFO: Total balance is: 9970
